<?xml version="1.0" encoding="UTF-8"?>
<!-- Generated by org.testng.reporters.JUnitXMLReporter -->
<testsuite hostname="cscarioni-ubuntu-desktop" name="Default test" tests="10" failures="0" timestamp="4 Jun 2012 19:09:44 GMT" time="11.164" errors="0">
  <testcase name="shouldPersistSimpleRequest" time="1.294" classname="org.easytechs.recordpersister.appenders.CouchDBAppenderUTest"/>
  <testcase name="shouldPersistSimpleRequest" time="1.05" classname="org.easytechs.recordpersister.appenders.CouchDBAppenderUTest"/>
  <testcase name="shouldPersistSimpleRequest" time="1.042" classname="org.easytechs.recordpersister.appenders.CouchDBAppenderUTest"/>
  <testcase name="shouldPersistSimpleRequest" time="1.06" classname="org.easytechs.recordpersister.appenders.CouchDBAppenderUTest"/>
  <testcase name="shouldPersistSimpleRequest" time="1.28" classname="org.easytechs.recordpersister.appenders.CouchDBAppenderUTest"/>
  <testcase name="shouldPersistSimpleRequest" time="1.052" classname="org.easytechs.recordpersister.appenders.CouchDBAppenderUTest"/>
  <testcase name="shouldPersistSimpleRequest" time="1.044" classname="org.easytechs.recordpersister.appenders.CouchDBAppenderUTest"/>
  <testcase name="shouldPersistSimpleRequest" time="1.05" classname="org.easytechs.recordpersister.appenders.CouchDBAppenderUTest"/>
  <testcase name="shouldPersistSimpleRequest" time="1.039" classname="org.easytechs.recordpersister.appenders.CouchDBAppenderUTest"/>
  <testcase name="shouldPersistSimpleRequest" time="1.049" classname="org.easytechs.recordpersister.appenders.CouchDBAppenderUTest"/>
</testsuite> <!-- Default test -->
