<?xml version="1.0" encoding="UTF-8"?>
<!-- Generated by org.testng.reporters.JUnitXMLReporter -->
<testsuite hostname="cscarioni-ubuntu-desktop" name="Command line test" tests="3" failures="0" timestamp="26 May 2012 10:54:06 GMT" time="1.497" errors="0">
  <testcase name="@BeforeMethod setup" time="0.0" classname="com.paddypower.recordpersister.CassandraAppenderUTest">
    <failure type="org.apache.cassandra.thrift.InvalidRequestException">
      <![CDATA[InvalidRequestException(why:Keyspace DEMO does not exist)
	at org.apache.cassandra.thrift.Cassandra$set_keyspace_result.read(Cassandra.java:5350)
	at org.apache.cassandra.thrift.Cassandra$Client.recv_set_keyspace(Cassandra.java:481)
	at org.apache.cassandra.thrift.Cassandra$Client.set_keyspace(Cassandra.java:456)
	at com.paddypower.recordpersister.CassandraAppender.<init>(CassandraAppender.java:29)
	at com.paddypower.recordpersister.CassandraAppenderUTest.setup(CassandraAppenderUTest.java:49)
	at org.apache.maven.surefire.testng.TestNGExecutor.run(TestNGExecutor.java:70)
	at org.apache.maven.surefire.testng.TestNGDirectoryTestSuite.executeMulti(TestNGDirectoryTestSuite.java:158)
	at org.apache.maven.surefire.testng.TestNGDirectoryTestSuite.execute(TestNGDirectoryTestSuite.java:98)
	at org.apache.maven.surefire.testng.TestNGProvider.invoke(TestNGProvider.java:111)
	at org.apache.maven.surefire.util.ReflectionUtils.invokeMethodWithArray(ReflectionUtils.java:164)
	at org.apache.maven.surefire.booter.ProviderFactory$ProviderProxy.invoke(ProviderFactory.java:110)
	at org.apache.maven.surefire.booter.SurefireStarter.invokeProvider(SurefireStarter.java:175)
	at org.apache.maven.surefire.booter.SurefireStarter.runSuitesInProcessWhenForked(SurefireStarter.java:107)
	at org.apache.maven.surefire.booter.ForkedBooter.main(ForkedBooter.java:68)
... Removed 27 stack frames]]>
    </failure>
  </testcase> <!-- @BeforeMethod setup -->
  <testcase name="shouldStoreSimpleRequest" time="0.003" classname="com.paddypower.recordpersister.CassandraAppenderUTest">
    <skipped/>
  </testcase> <!-- shouldStoreSimpleRequest -->
  <testcase name="shouldStoreSimpleRequests" time="1.194" classname="com.paddypower.recordpersister.FileAppenderUTest"/>
  <testcase name="shouldPersistAnyObject" time="0.01" classname="com.paddypower.recordpersister.GenericPersisterUTest"/>
</testsuite> <!-- Command line test -->
