<?xml version="1.0" encoding="UTF-8"?>
<testng-results skipped="1" failed="0" total="3" passed="2">
  <reporter-output>
  </reporter-output>
  <suite name="Command line suite" duration-ms="1497" started-at="2012-05-26T11:54:04Z" finished-at="2012-05-26T11:54:05Z">
    <groups>
    </groups>
    <test name="Command line test" duration-ms="1497" started-at="2012-05-26T11:54:04Z" finished-at="2012-05-26T11:54:05Z">
      <class name="com.paddypower.recordpersister.FileAppenderUTest">
        <test-method status="PASS" signature="setup()[pri:0, instance:com.paddypower.recordpersister.FileAppenderUTest@23d7b6d4]" name="setup" is-config="true" duration-ms="11" started-at="2012-05-26T11:54:04Z" finished-at="2012-05-26T11:54:04Z">
        </test-method> <!-- setup -->
        <test-method status="PASS" signature="shouldStoreSimpleRequests()[pri:0, instance:com.paddypower.recordpersister.FileAppenderUTest@23d7b6d4]" name="shouldStoreSimpleRequests" duration-ms="1194" started-at="2012-05-26T11:54:04Z" finished-at="2012-05-26T11:54:05Z">
        </test-method> <!-- shouldStoreSimpleRequests -->
      </class> <!-- com.paddypower.recordpersister.FileAppenderUTest -->
      <class name="com.paddypower.recordpersister.GenericPersisterUTest">
        <test-method status="PASS" signature="setup()[pri:0, instance:com.paddypower.recordpersister.GenericPersisterUTest@376e1995]" name="setup" is-config="true" duration-ms="12" started-at="2012-05-26T11:54:05Z" finished-at="2012-05-26T11:54:05Z">
        </test-method> <!-- setup -->
        <test-method status="PASS" signature="shouldPersistAnyObject()[pri:0, instance:com.paddypower.recordpersister.GenericPersisterUTest@376e1995]" name="shouldPersistAnyObject" duration-ms="10" started-at="2012-05-26T11:54:05Z" finished-at="2012-05-26T11:54:05Z">
        </test-method> <!-- shouldPersistAnyObject -->
      </class> <!-- com.paddypower.recordpersister.GenericPersisterUTest -->
      <class name="com.paddypower.recordpersister.CassandraAppenderUTest">
        <test-method status="FAIL" signature="setup()[pri:0, instance:com.paddypower.recordpersister.CassandraAppenderUTest@27242aae]" name="setup" is-config="true" duration-ms="0" started-at="2012-05-26T11:54:04Z" finished-at="2012-05-26T11:54:04Z">
          <exception class="org.apache.cassandra.thrift.InvalidRequestException">
            <full-stacktrace>
              <![CDATA[InvalidRequestException(why:Keyspace DEMO does not exist)
	at org.apache.cassandra.thrift.Cassandra$set_keyspace_result.read(Cassandra.java:5350)
	at org.apache.cassandra.thrift.Cassandra$Client.recv_set_keyspace(Cassandra.java:481)
	at org.apache.cassandra.thrift.Cassandra$Client.set_keyspace(Cassandra.java:456)
	at com.paddypower.recordpersister.CassandraAppender.<init>(CassandraAppender.java:29)
	at com.paddypower.recordpersister.CassandraAppenderUTest.setup(CassandraAppenderUTest.java:49)
	at sun.reflect.NativeMethodAccessorImpl.invoke0(Native Method)
	at sun.reflect.NativeMethodAccessorImpl.invoke(NativeMethodAccessorImpl.java:57)
	at sun.reflect.DelegatingMethodAccessorImpl.invoke(DelegatingMethodAccessorImpl.java:43)
	at java.lang.reflect.Method.invoke(Method.java:601)
	at org.testng.internal.MethodInvocationHelper.invokeMethod(MethodInvocationHelper.java:80)
	at org.testng.internal.Invoker.invokeConfigurationMethod(Invoker.java:551)
	at org.testng.internal.Invoker.invokeConfigurations(Invoker.java:213)
	at org.testng.internal.Invoker.invokeMethod(Invoker.java:639)
	at org.testng.internal.Invoker.invokeTestMethod(Invoker.java:893)
	at org.testng.internal.Invoker.invokeTestMethods(Invoker.java:1218)
	at org.testng.internal.TestMethodWorker.invokeTestMethods(TestMethodWorker.java:127)
	at org.testng.internal.TestMethodWorker.run(TestMethodWorker.java:111)
	at org.testng.TestRunner.privateRun(TestRunner.java:758)
	at org.testng.TestRunner.run(TestRunner.java:613)
	at org.testng.SuiteRunner.runTest(SuiteRunner.java:334)
	at org.testng.SuiteRunner.runSequentially(SuiteRunner.java:329)
	at org.testng.SuiteRunner.privateRun(SuiteRunner.java:291)
	at org.testng.SuiteRunner.run(SuiteRunner.java:240)
	at org.testng.SuiteRunnerWorker.runSuite(SuiteRunnerWorker.java:53)
	at org.testng.SuiteRunnerWorker.run(SuiteRunnerWorker.java:87)
	at org.testng.TestNG.runSuitesSequentially(TestNG.java:1170)
	at org.testng.TestNG.runSuitesLocally(TestNG.java:1095)
	at org.testng.TestNG.run(TestNG.java:1007)
	at org.apache.maven.surefire.testng.TestNGExecutor.run(TestNGExecutor.java:70)
	at org.apache.maven.surefire.testng.TestNGDirectoryTestSuite.executeMulti(TestNGDirectoryTestSuite.java:158)
	at org.apache.maven.surefire.testng.TestNGDirectoryTestSuite.execute(TestNGDirectoryTestSuite.java:98)
	at org.apache.maven.surefire.testng.TestNGProvider.invoke(TestNGProvider.java:111)
	at sun.reflect.NativeMethodAccessorImpl.invoke0(Native Method)
	at sun.reflect.NativeMethodAccessorImpl.invoke(NativeMethodAccessorImpl.java:57)
	at sun.reflect.DelegatingMethodAccessorImpl.invoke(DelegatingMethodAccessorImpl.java:43)
	at java.lang.reflect.Method.invoke(Method.java:601)
	at org.apache.maven.surefire.util.ReflectionUtils.invokeMethodWithArray(ReflectionUtils.java:164)
	at org.apache.maven.surefire.booter.ProviderFactory$ProviderProxy.invoke(ProviderFactory.java:110)
	at org.apache.maven.surefire.booter.SurefireStarter.invokeProvider(SurefireStarter.java:175)
	at org.apache.maven.surefire.booter.SurefireStarter.runSuitesInProcessWhenForked(SurefireStarter.java:107)
	at org.apache.maven.surefire.booter.ForkedBooter.main(ForkedBooter.java:68)
]]>
            </full-stacktrace>
          </exception> <!-- org.apache.cassandra.thrift.InvalidRequestException -->
        </test-method> <!-- setup -->
        <test-method status="SKIP" signature="shouldStoreSimpleRequest()[pri:0, instance:com.paddypower.recordpersister.CassandraAppenderUTest@27242aae]" name="shouldStoreSimpleRequest" duration-ms="3" started-at="2012-05-26T11:54:04Z" finished-at="2012-05-26T11:54:04Z">
        </test-method> <!-- shouldStoreSimpleRequest -->
      </class> <!-- com.paddypower.recordpersister.CassandraAppenderUTest -->
    </test> <!-- Command line test -->
  </suite> <!-- Command line suite -->
</testng-results>
