<?xml version="1.0" encoding="UTF-8" ?>
<testsuite failures="1" time="1.937" errors="0" skipped="1" tests="4" name="TestSuite">
  <properties>
[...]
</properties>
  <testcase time="0" classname="com.paddypower.recordpersister.CassandraAppenderUTest" name="setup">
    <failure type="InvalidRequestException(why:Keyspace">InvalidRequestException(why:Keyspace DEMO does not exist)
	at org.apache.cassandra.thrift.Cassandra$set_keyspace_result.read(Cassandra.java:5350)
	at org.apache.cassandra.thrift.Cassandra$Client.recv_set_keyspace(Cassandra.java:481)
	at org.apache.cassandra.thrift.Cassandra$Client.set_keyspace(Cassandra.java:456)
	at com.paddypower.recordpersister.CassandraAppender.&lt;init&gt;(CassandraAppender.java:29)
	at com.paddypower.recordpersister.CassandraAppenderUTest.setup(CassandraAppenderUTest.java:49)
</failure>
  </testcase>
  <testcase time="0.001" classname="com.paddypower.recordpersister.CassandraAppenderUTest" name="shouldStoreSimpleRequest">
    <skipped/>
  </testcase>
  <testcase time="1.188" classname="com.paddypower.recordpersister.FileAppenderUTest" name="shouldStoreSimpleRequests"/>
  <testcase time="0.01" classname="com.paddypower.recordpersister.GenericPersisterUTest" name="shouldPersistAnyObject"/>
</testsuite>