<?xml version="1.0" encoding="UTF-8"?>
<testng-results skipped="0" failed="0" total="10" passed="10">
  <reporter-output>
  </reporter-output>
  <suite name="Default suite" duration-ms="11164" started-at="2012-06-04T20:09:33Z" finished-at="2012-06-04T20:09:44Z">
    <groups>
    </groups>
    <test name="Default test" duration-ms="11164" started-at="2012-06-04T20:09:33Z" finished-at="2012-06-04T20:09:44Z">
      <class name="org.easytechs.recordpersister.appenders.CouchDBAppenderUTest">
        <test-method status="PASS" signature="setup()[pri:0, instance:org.easytechs.recordpersister.appenders.CouchDBAppenderUTest@eebafe]" name="setup" is-config="true" duration-ms="150" started-at="2012-06-04T20:09:33Z" finished-at="2012-06-04T20:09:33Z">
        </test-method> <!-- setup -->
        <test-method status="PASS" signature="shouldPersistSimpleRequest()[pri:0, instance:org.easytechs.recordpersister.appenders.CouchDBAppenderUTest@eebafe]" name="shouldPersistSimpleRequest" duration-ms="1294" started-at="2012-06-04T20:09:33Z" finished-at="2012-06-04T20:09:34Z">
        </test-method> <!-- shouldPersistSimpleRequest -->
        <test-method status="PASS" signature="setup()[pri:0, instance:org.easytechs.recordpersister.appenders.CouchDBAppenderUTest@eebafe]" name="setup" is-config="true" duration-ms="1" started-at="2012-06-04T20:09:34Z" finished-at="2012-06-04T20:09:34Z">
        </test-method> <!-- setup -->
        <test-method status="PASS" signature="shouldPersistSimpleRequest()[pri:0, instance:org.easytechs.recordpersister.appenders.CouchDBAppenderUTest@eebafe]" name="shouldPersistSimpleRequest" duration-ms="1050" started-at="2012-06-04T20:09:34Z" finished-at="2012-06-04T20:09:35Z">
        </test-method> <!-- shouldPersistSimpleRequest -->
        <test-method status="PASS" signature="setup()[pri:0, instance:org.easytechs.recordpersister.appenders.CouchDBAppenderUTest@eebafe]" name="setup" is-config="true" duration-ms="1" started-at="2012-06-04T20:09:35Z" finished-at="2012-06-04T20:09:35Z">
        </test-method> <!-- setup -->
        <test-method status="PASS" signature="shouldPersistSimpleRequest()[pri:0, instance:org.easytechs.recordpersister.appenders.CouchDBAppenderUTest@eebafe]" name="shouldPersistSimpleRequest" duration-ms="1042" started-at="2012-06-04T20:09:35Z" finished-at="2012-06-04T20:09:37Z">
        </test-method> <!-- shouldPersistSimpleRequest -->
        <test-method status="PASS" signature="setup()[pri:0, instance:org.easytechs.recordpersister.appenders.CouchDBAppenderUTest@eebafe]" name="setup" is-config="true" duration-ms="1" started-at="2012-06-04T20:09:37Z" finished-at="2012-06-04T20:09:37Z">
        </test-method> <!-- setup -->
        <test-method status="PASS" signature="shouldPersistSimpleRequest()[pri:0, instance:org.easytechs.recordpersister.appenders.CouchDBAppenderUTest@eebafe]" name="shouldPersistSimpleRequest" duration-ms="1060" started-at="2012-06-04T20:09:37Z" finished-at="2012-06-04T20:09:38Z">
        </test-method> <!-- shouldPersistSimpleRequest -->
        <test-method status="PASS" signature="setup()[pri:0, instance:org.easytechs.recordpersister.appenders.CouchDBAppenderUTest@eebafe]" name="setup" is-config="true" duration-ms="1" started-at="2012-06-04T20:09:38Z" finished-at="2012-06-04T20:09:38Z">
        </test-method> <!-- setup -->
        <test-method status="PASS" signature="shouldPersistSimpleRequest()[pri:0, instance:org.easytechs.recordpersister.appenders.CouchDBAppenderUTest@eebafe]" name="shouldPersistSimpleRequest" duration-ms="1280" started-at="2012-06-04T20:09:38Z" finished-at="2012-06-04T20:09:39Z">
        </test-method> <!-- shouldPersistSimpleRequest -->
        <test-method status="PASS" signature="setup()[pri:0, instance:org.easytechs.recordpersister.appenders.CouchDBAppenderUTest@eebafe]" name="setup" is-config="true" duration-ms="1" started-at="2012-06-04T20:09:39Z" finished-at="2012-06-04T20:09:39Z">
        </test-method> <!-- setup -->
        <test-method status="PASS" signature="shouldPersistSimpleRequest()[pri:0, instance:org.easytechs.recordpersister.appenders.CouchDBAppenderUTest@eebafe]" name="shouldPersistSimpleRequest" duration-ms="1052" started-at="2012-06-04T20:09:39Z" finished-at="2012-06-04T20:09:40Z">
        </test-method> <!-- shouldPersistSimpleRequest -->
        <test-method status="PASS" signature="setup()[pri:0, instance:org.easytechs.recordpersister.appenders.CouchDBAppenderUTest@eebafe]" name="setup" is-config="true" duration-ms="1" started-at="2012-06-04T20:09:40Z" finished-at="2012-06-04T20:09:40Z">
        </test-method> <!-- setup -->
        <test-method status="PASS" signature="shouldPersistSimpleRequest()[pri:0, instance:org.easytechs.recordpersister.appenders.CouchDBAppenderUTest@eebafe]" name="shouldPersistSimpleRequest" duration-ms="1044" started-at="2012-06-04T20:09:40Z" finished-at="2012-06-04T20:09:41Z">
        </test-method> <!-- shouldPersistSimpleRequest -->
        <test-method status="PASS" signature="shouldPersistSimpleRequest()[pri:0, instance:org.easytechs.recordpersister.appenders.CouchDBAppenderUTest@eebafe]" name="shouldPersistSimpleRequest" duration-ms="1050" started-at="2012-06-04T20:09:41Z" finished-at="2012-06-04T20:09:42Z">
        </test-method> <!-- shouldPersistSimpleRequest -->
        <test-method status="PASS" signature="setup()[pri:0, instance:org.easytechs.recordpersister.appenders.CouchDBAppenderUTest@eebafe]" name="setup" is-config="true" duration-ms="0" started-at="2012-06-04T20:09:41Z" finished-at="2012-06-04T20:09:41Z">
        </test-method> <!-- setup -->
        <test-method status="PASS" signature="setup()[pri:0, instance:org.easytechs.recordpersister.appenders.CouchDBAppenderUTest@eebafe]" name="setup" is-config="true" duration-ms="1" started-at="2012-06-04T20:09:42Z" finished-at="2012-06-04T20:09:42Z">
        </test-method> <!-- setup -->
        <test-method status="PASS" signature="shouldPersistSimpleRequest()[pri:0, instance:org.easytechs.recordpersister.appenders.CouchDBAppenderUTest@eebafe]" name="shouldPersistSimpleRequest" duration-ms="1039" started-at="2012-06-04T20:09:42Z" finished-at="2012-06-04T20:09:43Z">
        </test-method> <!-- shouldPersistSimpleRequest -->
        <test-method status="PASS" signature="setup()[pri:0, instance:org.easytechs.recordpersister.appenders.CouchDBAppenderUTest@eebafe]" name="setup" is-config="true" duration-ms="1" started-at="2012-06-04T20:09:43Z" finished-at="2012-06-04T20:09:43Z">
        </test-method> <!-- setup -->
        <test-method status="PASS" signature="shouldPersistSimpleRequest()[pri:0, instance:org.easytechs.recordpersister.appenders.CouchDBAppenderUTest@eebafe]" name="shouldPersistSimpleRequest" duration-ms="1049" started-at="2012-06-04T20:09:43Z" finished-at="2012-06-04T20:09:44Z">
        </test-method> <!-- shouldPersistSimpleRequest -->
      </class> <!-- org.easytechs.recordpersister.appenders.CouchDBAppenderUTest -->
    </test> <!-- Default test -->
  </suite> <!-- Default suite -->
</testng-results>
